[00:00:57] [Server thread/WARN]: Can't keep up! Is the server overloaded? Running 5032ms or 100 ticks behind
[00:01:34] [Server thread/WARN]: Can't keep up! Is the server overloaded? Running 6721ms or 134 ticks behind
[00:02:11] [Server thread/WARN]: Can't keep up! Is the server overloaded? Running 7291ms or 145 ticks behind
[00:02:54] [Server thread/WARN]: Can't keep up! Is the server overloaded? Running 12462ms or 249 ticks behind
[00:03:32] [Server thread/WARN]: Can't keep up! Is the server overloaded? Running 8815ms or 176 ticks behind
[00:04:08] [Server thread/WARN]: Can't keep up! Is the server overloaded? Running 5848ms or 116 ticks behind
[00:04:47] [Server thread/WARN]: Can't keep up! Is the server overloaded? Running 8832ms or 176 ticks behind
[00:05:24] [Server thread/WARN]: Can't keep up! Is the server overloaded? Running 5021ms or 100 ticks behind
[00:05:59] [Server thread/WARN]: Can't keep up! Is the server overloaded? Running 5287ms or 105 ticks behind
[00:06:36] [Server thread/INFO]: Borreg lost connection: Disconnected
[00:06:36] [Server thread/INFO]: Borreg left the game
[00:06:38] [Server thread/WARN]: Can't keep up! Is the server overloaded? Running 8954ms or 179 ticks behind
[00:06:41] [User Authenticator #109/INFO]: UUID of player Borreg is fe712ada-efb0-32a0-9e53-faac7806a35b
[00:06:41] [Server thread/INFO]: Borreg[/177.240.130.166:1088] logged in with entity id 526781 at ([world]73.05361782153543, 67.0, -293.2576267884535)
[00:07:14] [Server thread/WARN]: Can't keep up! Is the server overloaded? Running 6279ms or 125 ticks behind
[00:07:50] [Server thread/WARN]: Can't keep up! Is the server overloaded? Running 5376ms or 107 ticks behind
[00:09:54] [Server thread/WARN]: Can't keep up! Is the server overloaded? Running 5031ms or 100 ticks behind
[00:11:33] [Server thread/WARN]: Can't keep up! Is the server overloaded? Running 5010ms or 100 ticks behind
[00:12:11] [Server thread/WARN]: Can't keep up! Is the server overloaded? Running 8219ms or 164 ticks behind
[00:14:18] [Server thread/WARN]: Can't keep up! Is the server overloaded? Running 6668ms or 133 ticks behind
[00:14:53] [Server thread/WARN]: Can't keep up! Is the server overloaded? Running 5432ms or 108 ticks behind
[00:15:36] [Server thread/WARN]: Can't keep up! Is the server overloaded? Running 5041ms or 100 ticks behind
[00:16:15] [Server thread/WARN]: Can't keep up! Is the server overloaded? Running 5058ms or 101 ticks behind
[00:16:50] [Server thread/WARN]: Can't keep up! Is the server overloaded? Running 5612ms or 112 ticks behind
[00:17:33] [Server thread/WARN]: Can't keep up! Is the server overloaded? Running 5013ms or 100 ticks behind
[00:18:09] [Server thread/WARN]: Can't keep up! Is the server overloaded? Running 5626ms or 112 ticks behind
[00:18:59] [Server thread/WARN]: Can't keep up! Is the server overloaded? Running 5020ms or 100 ticks behind
[00:19:42] [Server thread/WARN]: Can't keep up! Is the server overloaded? Running 5013ms or 100 ticks behind
[00:20:27] [Server thread/WARN]: Can't keep up! Is the server overloaded? Running 5004ms or 100 ticks behind
[00:21:06] [Server thread/WARN]: Can't keep up! Is the server overloaded? Running 5007ms or 100 ticks behind
[00:24:21] [Server thread/WARN]: Can't keep up! Is the server overloaded? Running 5002ms or 100 ticks behind
[00:25:25] [Server thread/WARN]: Can't keep up! Is the server overloaded? Running 5005ms or 100 ticks behind
[00:26:20] [Server thread/WARN]: Can't keep up! Is the server overloaded? Running 5328ms or 106 ticks behind
[00:27:46] [Server thread/INFO]: Borreg has made the advancement [Diamonds!]
[00:27:49] [Server thread/WARN]: Can't keep up! Is the server overloaded? Running 5035ms or 100 ticks behind
[00:28:07] [Server thread/INFO]: ERMM22 has made the advancement [Diamonds!]
[00:28:29] [Server thread/WARN]: Can't keep up! Is the server overloaded? Running 5035ms or 100 ticks behind
[00:31:41] [Server thread/INFO]: fernando lost connection: Disconnected
[00:31:41] [Server thread/INFO]: fernando left the game
[00:31:43] [Server thread/INFO]: Borreg lost connection: Disconnected
[00:31:43] [Server thread/INFO]: Borreg left the game
[00:31:44] [Server thread/INFO]: JOSUE9675 lost connection: Disconnected
[00:31:44] [Server thread/INFO]: JOSUE9675 left the game
[00:31:45] [Server thread/INFO]: SoyAndyy lost connection: Disconnected
[00:31:45] [Server thread/INFO]: SoyAndyy left the game
[00:31:48] [Server thread/INFO]: ERMM22 lost connection: Disconnected
[00:31:48] [Server thread/INFO]: ERMM22 left the game
[00:31:49] [User Authenticator #110/INFO]: UUID of player SoyAndyy is 5013287d-0a38-331a-8e01-2e68ed796aa9
[00:31:49] [Server thread/INFO]: SoyAndyy[/189.217.73.18:46764] logged in with entity id 530635 at ([world]61.300000011920936, 83.0, -290.30000001192093)
[00:31:49] [User Authenticator #111/INFO]: UUID of player JOSUE9675 is 1c7da933-9746-39ba-9cb5-c4c5a602d47c
[00:31:50] [Server thread/INFO]: JOSUE9675[/187.195.33.164:56672] logged in with entity id 530644 at ([world]66.0263773926741, 83.0, -306.5386010486476)
[00:31:50] [User Authenticator #112/INFO]: UUID of player fernando is 892287b9-d797-33fa-ab17-5a95fb1e3d0b
[00:31:50] [Server thread/INFO]: fernando[/187.173.170.49:58115] logged in with entity id 530651 at ([world]62.62729585021236, 83.0, -302.3990688754094)
[00:31:51] [User Authenticator #113/INFO]: UUID of player Borreg is fe712ada-efb0-32a0-9e53-faac7806a35b
[00:31:52] [Server thread/INFO]: Borreg[/177.240.130.166:43118] logged in with entity id 530707 at ([world]77.65692818480755, 83.0, -295.87339564461115)
[00:31:52] [User Authenticator #114/INFO]: UUID of player ERMM22 is 7d36429c-3903-33ae-be19-2aad0ddcc18d
[00:31:52] [Server thread/INFO]: ERMM22[/177.240.154.84:61207] logged in with entity id 530709 at ([world]76.30632761106834, 83.0, -306.1360819667566)
[00:37:35] [Server thread/WARN]: Can't keep up! Is the server overloaded? Running 5006ms or 100 ticks behind
[00:38:32] [Server thread/INFO]: fernando lost connection: Disconnected
[00:38:32] [Server thread/INFO]: fernando left the game
[00:38:59] [Server thread/INFO]: JOSUE9675 lost connection: Disconnected
[00:38:59] [Server thread/INFO]: JOSUE9675 left the game
[00:40:15] [Server thread/INFO]: Borreg lost connection: Disconnected
[00:40:15] [Server thread/INFO]: Borreg left the game
[00:40:24] [Server thread/INFO]: ERMM22 lost connection: Disconnected
[00:40:24] [Server thread/INFO]: ERMM22 left the game
[00:43:49] [Server thread/WARN]: SoyAndyy moved too quickly! 11.126792110385537,17.420610961099825,-28.784074151902303
[00:49:42] [Server thread/WARN]: TacoHardcore moved wrongly!
[01:01:41] [Server thread/WARN]: Can't keep up! Is the server overloaded? Running 5811ms or 116 ticks behind
[01:06:47] [Server thread/WARN]: Can't keep up! Is the server overloaded? Running 5913ms or 118 ticks behind
[01:07:27] [Server thread/WARN]: Can't keep up! Is the server overloaded? Running 5004ms or 100 ticks behind
[01:08:03] [Server thread/WARN]: Can't keep up! Is the server overloaded? Running 5317ms or 106 ticks behind
[01:12:24] [Server thread/WARN]: Can't keep up! Is the server overloaded? Running 5028ms or 100 ticks behind
[01:13:05] [Server thread/WARN]: Can't keep up! Is the server overloaded? Running 11009ms or 220 ticks behind
[01:13:44] [Server thread/WARN]: Can't keep up! Is the server overloaded? Running 9096ms or 181 ticks behind
[01:14:19] [Server thread/WARN]: Can't keep up! Is the server overloaded? Running 5700ms or 114 ticks behind
[01:15:22] [Server thread/WARN]: Can't keep up! Is the server overloaded? Running 5012ms or 100 ticks behind
[01:15:55] [Server thread/INFO]: SoyAndyy lost connection: Disconnected
[01:15:55] [Server thread/INFO]: SoyAndyy left the game
[01:16:01] [Server thread/WARN]: Can't keep up! Is the server overloaded? Running 9488ms or 189 ticks behind
[01:17:24] [Server thread/WARN]: Can't keep up! Is the server overloaded? Running 5014ms or 100 ticks behind
[01:18:01] [Server thread/WARN]: Can't keep up! Is the server overloaded? Running 7235ms or 144 ticks behind
[01:18:37] [Server thread/WARN]: Can't keep up! Is the server overloaded? Running 6309ms or 126 ticks behind
[01:19:13] [Server thread/WARN]: Can't keep up! Is the server overloaded? Running 5909ms or 118 ticks behind
[01:19:49] [Server thread/WARN]: Can't keep up! Is the server overloaded? Running 5256ms or 105 ticks behind
[01:23:39] [Server thread/WARN]: Can't keep up! Is the server overloaded? Running 5043ms or 100 ticks behind
[01:24:46] [Server thread/WARN]: Can't keep up! Is the server overloaded? Running 5004ms or 100 ticks behind
[01:25:26] [Server thread/WARN]: Can't keep up! Is the server overloaded? Running 9712ms or 194 ticks behind
[01:26:07] [Server thread/WARN]: Can't keep up! Is the server overloaded? Running 10591ms or 211 ticks behind
[01:27:13] [Server thread/WARN]: Can't keep up! Is the server overloaded? Running 5020ms or 100 ticks behind
[01:27:51] [Server thread/WARN]: Can't keep up! Is the server overloaded? Running 8045ms or 160 ticks behind
[01:28:50] [Server thread/WARN]: Can't keep up! Is the server overloaded? Running 5014ms or 100 ticks behind
[01:29:25] [Server thread/WARN]: Can't keep up! Is the server overloaded? Running 5022ms or 100 ticks behind
[01:30:24] [Server thread/WARN]: Can't keep up! Is the server overloaded? Running 5006ms or 100 ticks behind
[01:31:18] [Server thread/WARN]: Can't keep up! Is the server overloaded? Running 5004ms or 100 ticks behind
[01:31:54] [Server thread/WARN]: Can't keep up! Is the server overloaded? Running 5009ms or 100 ticks behind
[01:32:31] [Server thread/WARN]: Can't keep up! Is the server overloaded? Running 7208ms or 144 ticks behind
[01:33:08] [Server thread/WARN]: Can't keep up! Is the server overloaded? Running 7492ms or 149 ticks behind
[01:36:09] [Server thread/WARN]: Can't keep up! Is the server overloaded? Running 5008ms or 100 ticks behind
[01:36:47] [Server thread/WARN]: Can't keep up! Is the server overloaded? Running 7910ms or 158 ticks behind
[01:37:23] [Server thread/WARN]: Can't keep up! Is the server overloaded? Running 6310ms or 126 ticks behind
[01:39:30] [Server thread/WARN]: Can't keep up! Is the server overloaded? Running 5011ms or 100 ticks behind
[01:40:59] [Server thread/WARN]: Can't keep up! Is the server overloaded? Running 5004ms or 100 ticks behind
[01:42:59] [Server thread/WARN]: Can't keep up! Is the server overloaded? Running 5010ms or 100 ticks behind
[01:43:51] [Server thread/WARN]: Can't keep up! Is the server overloaded? Running 5081ms or 101 ticks behind
[01:44:29] [Server thread/WARN]: Can't keep up! Is the server overloaded? Running 7837ms or 156 ticks behind
[01:45:05] [Server thread/WARN]: Can't keep up! Is the server overloaded? Running 5016ms or 100 ticks behind
[01:45:47] [Server thread/WARN]: Can't keep up! Is the server overloaded? Running 5010ms or 100 ticks behind
[01:46:38] [Server thread/WARN]: Can't keep up! Is the server overloaded? Running 5023ms or 100 ticks behind
[01:47:17] [Server thread/WARN]: Can't keep up! Is the server overloaded? Running 9131ms or 182 ticks behind
[01:47:58] [Server thread/WARN]: Can't keep up! Is the server overloaded? Running 10790ms or 215 ticks behind
[01:48:42] [Server thread/WARN]: Can't keep up! Is the server overloaded? Running 14077ms or 281 ticks behind
[01:49:18] [Server thread/WARN]: Can't keep up! Is the server overloaded? Running 5700ms or 114 ticks behind
[01:49:56] [Server thread/WARN]: Can't keep up! Is the server overloaded? Running 8839ms or 176 ticks behind
[01:50:39] [Server thread/WARN]: Can't keep up! Is the server overloaded? Running 12838ms or 256 ticks behind
[01:51:23] [Server thread/WARN]: Can't keep up! Is the server overloaded? Running 5028ms or 100 ticks behind
[01:53:15] [Server thread/WARN]: Can't keep up! Is the server overloaded? Running 5065ms or 101 ticks behind
[01:53:58] [Server thread/WARN]: Can't keep up! Is the server overloaded? Running 12463ms or 249 ticks behind
[01:54:42] [Server thread/WARN]: Can't keep up! Is the server overloaded? Running 5057ms or 101 ticks behind
[01:55:19] [Server thread/WARN]: Can't keep up! Is the server overloaded? Running 7450ms or 149 ticks behind
[01:55:56] [Server thread/WARN]: Can't keep up! Is the server overloaded? Running 6987ms or 139 ticks behind
[01:56:34] [Server thread/WARN]: Can't keep up! Is the server overloaded? Running 7825ms or 156 ticks behind
[01:57:11] [Server thread/WARN]: Can't keep up! Is the server overloaded? Running 6812ms or 136 ticks behind
[01:57:51] [Server thread/WARN]: Can't keep up! Is the server overloaded? Running 9762ms or 195 ticks behind
[01:58:46] [Server thread/WARN]: Can't keep up! Is the server overloaded? Running 5018ms or 100 ticks behind
[01:59:23] [Server thread/WARN]: Can't keep up! Is the server overloaded? Running 6873ms or 137 ticks behind
[02:00:05] [Server thread/WARN]: Can't keep up! Is the server overloaded? Running 12176ms or 243 ticks behind
[02:00:48] [Server thread/WARN]: Can't keep up! Is the server overloaded? Running 12709ms or 254 ticks behind
[02:01:25] [Server thread/INFO]: TacoHardcore lost connection: Disconnected
[02:01:25] [Server thread/INFO]: TacoHardcore left the game
[02:03:50] [Server thread/WARN]: Can't keep up! Is the server overloaded? Running 5008ms or 100 ticks behind
[02:06:23] [Server thread/WARN]: Can't keep up! Is the server overloaded? Running 5007ms or 100 ticks behind
[02:07:00] [Server thread/WARN]: Can't keep up! Is the server overloaded? Running 6593ms or 131 ticks behind
[02:08:23] [Server thread/WARN]: Can't keep up! Is the server overloaded? Running 5014ms or 100 ticks behind
[02:08:58] [Server thread/WARN]: Can't keep up! Is the server overloaded? Running 5304ms or 106 ticks behind
[02:09:14] [User Authenticator #115/INFO]: UUID of player TacoHardcore is c6a2df23-371d-3a22-ba24-bd040a594e7d
[02:09:15] [Server thread/INFO]: TacoHardcore[/187.244.104.57:4309] logged in with entity id 546633 at ([world]59.85365930685562, 63.0, -250.48213934107162)
[02:09:34] [Server thread/WARN]: Can't keep up! Is the server overloaded? Running 5346ms or 106 ticks behind
[02:10:09] [Server thread/WARN]: Can't keep up! Is the server overloaded? Running 5537ms or 110 ticks behind
[02:10:59] [Server thread/WARN]: Can't keep up! Is the server overloaded? Running 20103ms or 402 ticks behind
[02:11:40] [Server thread/WARN]: Can't keep up! Is the server overloaded? Running 10428ms or 208 ticks behind
[02:12:18] [Server thread/WARN]: Can't keep up! Is the server overloaded? Running 5057ms or 101 ticks behind
[02:13:02] [Server thread/WARN]: Can't keep up! Is the server overloaded? Running 13559ms or 271 ticks behind
[02:13:38] [Server thread/WARN]: Can't keep up! Is the server overloaded? Running 6510ms or 130 ticks behind
[02:14:14] [Server thread/WARN]: Can't keep up! Is the server overloaded? Running 5028ms or 100 ticks behind
[02:14:49] [Server thread/WARN]: Can't keep up! Is the server overloaded? Running 5634ms or 112 ticks behind
[02:15:31] [Server thread/INFO]: TacoHardcore lost connection: Disconnected
[02:15:31] [Server thread/INFO]: TacoHardcore left the game
[02:15:32] [Server thread/WARN]: Can't keep up! Is the server overloaded? Running 5058ms or 101 ticks behind
[02:30:54] [Server thread/WARN]: Can't keep up! Is the server overloaded? Running 7654ms or 153 ticks behind
[03:00:52] [Server thread/WARN]: Can't keep up! Is the server overloaded? Running 5002ms or 100 ticks behind
[03:09:59] [Server thread/WARN]: Can't keep up! Is the server overloaded? Running 5003ms or 100 ticks behind
[11:41:04] [User Authenticator #116/INFO]: UUID of player TacoHardcore is c6a2df23-371d-3a22-ba24-bd040a594e7d
[11:41:04] [Server thread/INFO]: TacoHardcore[/187.244.104.57:19904] logged in with entity id 554906 at ([world]9.565229907479228, 64.0, -294.2853380682583)
[11:41:23] [Server thread/INFO]: TacoHardcore lost connection: Disconnected
[11:41:23] [Server thread/INFO]: TacoHardcore left the game
[11:41:59] [User Authenticator #117/INFO]: UUID of player TacoHardcore is c6a2df23-371d-3a22-ba24-bd040a594e7d
[11:42:00] [Server thread/INFO]: TacoHardcore[/187.244.104.57:53998] logged in with entity id 554979 at ([world]9.565229907479228, 64.0, -294.2853380682583)
[11:46:14] [Server thread/WARN]: Can't keep up! Is the server overloaded? Running 5052ms or 101 ticks behind
[11:49:00] [Server thread/WARN]: Can't keep up! Is the server overloaded? Running 5056ms or 101 ticks behind
[11:49:10] [Server thread/INFO]: TacoHardcore lost connection: Disconnected
[11:49:10] [Server thread/INFO]: TacoHardcore left the game
[11:49:38] [User Authenticator #118/INFO]: UUID of player TacoHardcore is c6a2df23-371d-3a22-ba24-bd040a594e7d
[11:49:40] [Server thread/INFO]: TacoHardcore[/187.244.104.57:15290] logged in with entity id 556098 at ([world]795.6999999880791, 184.0, 163.30000001192093)
[11:50:05] [Server thread/WARN]: Can't keep up! Is the server overloaded? Running 5020ms or 100 ticks behind
[11:50:48] [Server thread/WARN]: Can't keep up! Is the server overloaded? Running 13432ms or 268 ticks behind
[11:51:29] [Server thread/WARN]: Can't keep up! Is the server overloaded? Running 10439ms or 208 ticks behind
[11:52:07] [Server thread/WARN]: Can't keep up! Is the server overloaded? Running 5008ms or 100 ticks behind
[11:52:43] [Server thread/WARN]: Can't keep up! Is the server overloaded? Running 6658ms or 133 ticks behind
[11:53:19] [Server thread/WARN]: Can't keep up! Is the server overloaded? Running 5036ms or 100 ticks behind
[11:54:10] [Server thread/WARN]: Can't keep up! Is the server overloaded? Running 5002ms or 100 ticks behind
[11:54:48] [Server thread/WARN]: Can't keep up! Is the server overloaded? Running 8213ms or 164 ticks behind
[11:55:39] [Server thread/WARN]: Can't keep up! Is the server overloaded? Running 5036ms or 100 ticks behind
[11:56:25] [Server thread/WARN]: Can't keep up! Is the server overloaded? Running 5005ms or 100 ticks behind
[11:57:02] [Server thread/WARN]: Can't keep up! Is the server overloaded? Running 7756ms or 155 ticks behind
[11:57:45] [Server thread/WARN]: Can't keep up! Is the server overloaded? Running 12856ms or 257 ticks behind
[11:58:36] [Server thread/WARN]: Can't keep up! Is the server overloaded? Running 5049ms or 100 ticks behind
[11:59:31] [Server thread/WARN]: Can't keep up! Is the server overloaded? Running 5010ms or 100 ticks behind
[12:00:18] [Server thread/WARN]: Can't keep up! Is the server overloaded? Running 5032ms or 100 ticks behind
[12:00:54] [Server thread/WARN]: Can't keep up! Is the server overloaded? Running 6149ms or 122 ticks behind
[12:01:34] [Server thread/WARN]: Can't keep up! Is the server overloaded? Running 10009ms or 200 ticks behind
[12:02:11] [Server thread/WARN]: Can't keep up! Is the server overloaded? Running 7186ms or 143 ticks behind
[12:02:49] [Server thread/WARN]: Can't keep up! Is the server overloaded? Running 5020ms or 100 ticks behind
[12:03:34] [Server thread/WARN]: Can't keep up! Is the server overloaded? Running 15600ms or 312 ticks behind
[12:04:11] [Server thread/WARN]: Can't keep up! Is the server overloaded? Running 6828ms or 136 ticks behind
[12:04:51] [Server thread/WARN]: Can't keep up! Is the server overloaded? Running 10139ms or 202 ticks behind
[12:05:29] [Server thread/WARN]: Can't keep up! Is the server overloaded? Running 7263ms or 145 ticks behind
[12:06:09] [Server thread/WARN]: Can't keep up! Is the server overloaded? Running 10588ms or 211 ticks behind
[12:06:47] [Server thread/WARN]: Can't keep up! Is the server overloaded? Running 8100ms or 162 ticks behind
[12:07:59] [Server thread/WARN]: Can't keep up! Is the server overloaded? Running 5016ms or 100 ticks behind
[12:08:37] [Server thread/WARN]: Can't keep up! Is the server overloaded? Running 7802ms or 156 ticks behind
[12:09:17] [Server thread/WARN]: Can't keep up! Is the server overloaded? Running 10095ms or 201 ticks behind
[12:09:54] [Server thread/WARN]: Can't keep up! Is the server overloaded? Running 7262ms or 145 ticks behind
[12:11:14] [Server thread/WARN]: Can't keep up! Is the server overloaded? Running 5009ms or 100 ticks behind
[12:49:30] [Server thread/INFO]: TacoHardcore lost connection: Disconnected
[12:49:30] [Server thread/INFO]: TacoHardcore left the game
[13:09:11] [User Authenticator #119/INFO]: UUID of player TacoHardcore is c6a2df23-371d-3a22-ba24-bd040a594e7d
[13:09:11] [Server thread/INFO]: TacoHardcore[/187.244.104.57:61754] logged in with entity id 568145 at ([world]13.642434474749633, 63.0, -300.6498613159762)
[13:25:30] [Server thread/INFO]: TacoHardcore lost connection: Disconnected
[13:25:30] [Server thread/INFO]: TacoHardcore left the game
[13:26:32] [User Authenticator #120/INFO]: UUID of player TacoHardcore is c6a2df23-371d-3a22-ba24-bd040a594e7d
[13:26:33] [Server thread/INFO]: TacoHardcore[/187.244.104.57:25271] logged in with entity id 569912 at ([world]12.74363803291663, 63.0, -296.69999998807907)
[13:26:44] [Server thread/INFO]: TacoHardcore lost connection: Disconnected
[13:26:44] [Server thread/INFO]: TacoHardcore left the game
[13:26:45] [User Authenticator #121/INFO]: UUID of player TacoHardcore is c6a2df23-371d-3a22-ba24-bd040a594e7d
[13:26:46] [Server thread/INFO]: TacoHardcore[/187.244.104.57:40627] logged in with entity id 569942 at ([world]13.877350902511035, 63.0, -299.8642491316248)
[13:39:32] [Server thread/INFO]: TacoHardcore lost connection: Disconnected
[13:39:32] [Server thread/INFO]: TacoHardcore left the game
[14:08:14] [User Authenticator #122/INFO]: UUID of player TacoHardcore is c6a2df23-371d-3a22-ba24-bd040a594e7d
[14:08:15] [Server thread/INFO]: TacoHardcore[/187.244.104.57:50743] logged in with entity id 571637 at ([world]66.59092678172011, 78.5, -288.00716556292514)
[14:29:01] [User Authenticator #123/INFO]: UUID of player drekblood is 71f1a7d9-df58-3b48-af17-74e0f2ea7b09
[14:29:02] [Server thread/INFO]: drekblood[/187.188.33.241:32538] logged in with entity id 574344 at ([world]114.30000001192091, 72.0, -372.87661036738433)
[14:29:04] [Async Chat Thread - #9/INFO]: <TacoHardcore> dreeeeeeeeeeeek
[14:29:07] [Async Chat Thread - #9/INFO]: <TacoHardcore> hoooolaaaa
[14:29:09] [Async Chat Thread - #9/INFO]: <TacoHardcore> checa esto
[14:29:11] [Async Chat Thread - #9/INFO]: <drekblood> Holaaa
[14:29:24] [Async Chat Thread - #9/INFO]: <TacoHardcore> ontas
[14:29:33] [Async Chat Thread - #9/INFO]: <drekblood> en los caballos :o
[14:29:45] [Async Chat Thread - #9/INFO]: <TacoHardcore> no te ve
[14:29:46] [Async Chat Thread - #9/INFO]: <TacoHardcore> o
[14:29:54] [Async Chat Thread - #9/INFO]: <TacoHardcore> checa
[14:30:01] [Async Chat Thread - #9/INFO]: <TacoHardcore> no andas en el trabajo?
[14:30:06] [Async Chat Thread - #9/INFO]: <drekblood> si
[14:30:10] [Async Chat Thread - #9/INFO]: <drekblood> pero no hay pedo que entre un rato
[14:30:12] [Async Chat Thread - #9/INFO]: <TacoHardcore> jajajja
[14:30:12] [Async Chat Thread - #9/INFO]: <TacoHardcore> vavav
[14:30:27] [Async Chat Thread - #9/INFO]: <TacoHardcore> es el angel :D
[14:30:35] [Async Chat Thread - #9/INFO]: <TacoHardcore> estoy haciendo la bandera de México
[14:30:36] [Async Chat Thread - #9/INFO]: <TacoHardcore> con beacons
[14:30:37] [Async Chat Thread - #9/INFO]: <drekblood> no mss parece creativo jajaja
[14:30:39] [Async Chat Thread - #9/INFO]: <TacoHardcore> solo me falta uno
[14:30:50] [Async Chat Thread - #9/INFO]: <drekblood> un faro mas?
[14:30:50] [Async Chat Thread - #9/INFO]: <TacoHardcore> y mira
[14:30:52] [Async Chat Thread - #9/INFO]: <TacoHardcore> si
[14:31:00] [Async Chat Thread - #9/INFO]: <TacoHardcore> ayer andabamos jugando
[14:31:03] [Async Chat Thread - #9/INFO]: <TacoHardcore> casi todos
[14:31:11] [Async Chat Thread - #9/INFO]: <TacoHardcore> y se me ocurrió una idea
[14:31:15] [Async Chat Thread - #9/INFO]: <drekblood> ya no pude entrar llegue tarde como 00:30
[14:31:19] [Async Chat Thread - #9/INFO]: <TacoHardcore> chale
[14:31:22] [Async Chat Thread - #9/INFO]: <TacoHardcore> aún seguiamos
[14:31:23] [Async Chat Thread - #9/INFO]: <drekblood> solo estas tu esme y andy
[14:31:27] [Async Chat Thread - #9/INFO]: <TacoHardcore> ah es verdad
[14:31:32] [Async Chat Thread - #9/INFO]: <TacoHardcore> pero le seguimos como a las 2
[14:31:33] [Async Chat Thread - #9/INFO]: <TacoHardcore> mira
[14:31:37] [Async Chat Thread - #9/INFO]: <TacoHardcore> topas fall guys
[14:31:38] [Async Chat Thread - #9/INFO]: <TacoHardcore> ?
[14:31:40] [Async Chat Thread - #9/INFO]: <drekblood> ke es ejoo
[14:31:45] [Async Chat Thread - #9/INFO]: <TacoHardcore> que hay un nivel en el que se cae el suelo?
[14:31:48] [Async Chat Thread - #9/INFO]: <drekblood> see lo compre y solo lo jugue una vez xD
[14:31:58] [Async Chat Thread - #9/INFO]: <TacoHardcore> es similar
[14:31:59] [Async Chat Thread - #9/INFO]: <TacoHardcore> sube
[14:32:16] [Async Chat Thread - #9/INFO]: <TacoHardcore> nos ponemos todos en un lugar
[14:32:17] [Async Chat Thread - #9/INFO]: <drekblood> que hace o comoo
[14:32:19] [Async Chat Thread - #9/INFO]: <TacoHardcore> y con las tijeras
[14:32:26] [Async Chat Thread - #9/INFO]: <TacoHardcore> nos empezamos a quitar las hojas
[14:32:30] [Async Chat Thread - #9/INFO]: <TacoHardcore> el que quede último gana
[14:32:33] [Async Chat Thread - #9/INFO]: <drekblood> :o
[14:32:40] [Async Chat Thread - #9/INFO]: <TacoHardcore> espera
[14:32:42] [Async Chat Thread - #9/INFO]: <TacoHardcore> deja relleno
[14:32:45] [Async Chat Thread - #9/INFO]: <drekblood> jaja okk
[14:33:40] [Async Chat Thread - #9/INFO]: <TacoHardcore> ya
[14:35:10] [Async Chat Thread - #10/INFO]: <drekblood> aguantaa jaja
[14:35:12] [Async Chat Thread - #10/INFO]: <TacoHardcore> simon
[14:35:13] [Async Chat Thread - #10/INFO]: <TacoHardcore> jajajja
[14:35:16] [Async Chat Thread - #10/INFO]: <TacoHardcore> tu me dices
[14:35:23] [Async Chat Thread - #10/INFO]: <drekblood> ydale
[14:35:57] [Async Chat Thread - #10/INFO]: <drekblood> lol
[14:35:58] [Async Chat Thread - #10/INFO]: <TacoHardcore> aqui ya se quita con pala
[14:35:59] [Async Chat Thread - #10/INFO]: <TacoHardcore> jajjaja
[14:36:03] [Async Chat Thread - #10/INFO]: <TacoHardcore> pero asi
[14:36:05] [Async Chat Thread - #10/INFO]: <TacoHardcore> ta divertido
[14:36:06] [Async Chat Thread - #10/INFO]: <TacoHardcore> de muchos
[14:36:07] [Async Chat Thread - #10/INFO]: <drekblood> esta chiido
[14:36:13] [Async Chat Thread - #10/INFO]: <drekblood> pensar que es survival
[14:36:21] [Async Chat Thread - #10/INFO]: <TacoHardcore> ajjajaj
[14:36:22] [Async Chat Thread - #10/INFO]: <drekblood> ya es otro niveel jaja
[14:36:23] [Async Chat Thread - #10/INFO]: <TacoHardcore> es survival
[14:36:33] [Async Chat Thread - #10/INFO]: <drekblood> ahora lo respaldo y te mando el link de github
[14:36:39] [Async Chat Thread - #10/INFO]: <TacoHardcore> vaaa
[14:36:40] [Async Chat Thread - #10/INFO]: <TacoHardcore> thx
[14:36:44] [Async Chat Thread - #10/INFO]: <drekblood> ta chiodoo te la rifas aless
[14:36:48] [Async Chat Thread - #10/INFO]: <TacoHardcore> yashiashhhhhhhhhhhh
[14:36:50] [Async Chat Thread - #10/INFO]: <TacoHardcore> nomas en el mc
[14:36:55] [Async Chat Thread - #10/INFO]: <drekblood> ewn ela pes
[14:36:55] [Async Chat Thread - #10/INFO]: <TacoHardcore> ojalá fuera asi en la vida
[14:36:56] [Async Chat Thread - #10/INFO]: <TacoHardcore> jajajaj
[14:36:58] [Async Chat Thread - #10/INFO]: <drekblood> en el apes y todo
[14:37:02] [Async Chat Thread - #10/INFO]: <drekblood> solo es cuestion de enfocar
[14:37:05] [Async Chat Thread - #10/INFO]: <TacoHardcore> sis
[14:37:12] [Async Chat Thread - #10/INFO]: <drekblood> ya me salgoo que me llego algoo
[14:37:14] [Async Chat Thread - #10/INFO]: <TacoHardcore> :)
[14:37:15] [Async Chat Thread - #10/INFO]: <TacoHardcore> dale
[14:37:17] [Async Chat Thread - #10/INFO]: <TacoHardcore> nos vemos
[14:37:18] [Async Chat Thread - #10/INFO]: <TacoHardcore> ty
[14:37:19] [Async Chat Thread - #10/INFO]: <drekblood> nos vemos al ratito espero esta vez si conectarme
[14:37:22] [Async Chat Thread - #10/INFO]: <TacoHardcore> vavavava
[14:37:23] [Async Chat Thread - #10/INFO]: <drekblood> saless
[14:37:26] [Async Chat Thread - #10/INFO]: <TacoHardcore> byeee
[14:37:26] [Server thread/INFO]: drekblood lost connection: Disconnected
[14:37:26] [Server thread/INFO]: drekblood left the game
